2026-01-30 13:44:03,905 [INFO] Activator:176 - 


2026-01-30 13:44:03,910 [INFO] Activator:177 - !SESSION log4j initialized
2026-01-30 13:44:07,764 [INFO] LogOutputStream:77 - [STDOUT_REDIRECT] 
2026-01-30 13:44:08,890 [INFO] ApplicationProperties:184 - Using Application install path: /home/david-isfc/st/stm32cubeide_1.16.1/plugins/com.st.stm32cube.common.mx_6.12.1.202409122256
2026-01-30 13:44:08,900 [INFO] DbMcusXml:78 - Set database path to: /home/david-isfc/st/stm32cubeide_1.16.1/plugins/com.st.stm32cube.common.mx_6.12.1.202409122256//db//mcu/
2026-01-30 13:44:08,900 [INFO] ApiDb:274 - Set plugin database path to: /home/david-isfc/st/stm32cubeide_1.16.1/plugins/com.st.stm32cube.common.mx_6.12.1.202409122256//db//plugins/boardmanager/
2026-01-30 13:44:08,900 [WARN] ApiDb:259 - Overriding images path with different value:  => /home/david-isfc/st/stm32cubeide_1.16.1/plugins/com.st.stm32cube.common.mx_6.12.1.202409122256//db//plugins/mcufinder/images/
2026-01-30 13:44:09,569 [INFO] ApiDb:250 - Set database path to: /home/david-isfc/.stmcufinder/plugins/mcufinder//mcu/
2026-01-30 13:44:09,570 [INFO] DbMcusAds:125 - Set database path to: /home/david-isfc/.stmcufinder/plugins/mcufinder//mcu/
2026-01-30 13:44:09,571 [INFO] CrossReferenceDbSqlite:203 - Set database path to: /home/david-isfc/.stmcufinder/plugins/mcufinder//mcu/cs/
2026-01-30 13:44:10,061 [INFO] RulesReader:64 - Compatibility file has been processed (297 Rules)
2026-01-30 13:44:10,137 [INFO] DbMcusXml:78 - Set database path to: /home/david-isfc/st/stm32cubeide_1.16.1/plugins/com.st.stm32cube.common.mx_6.12.1.202409122256//db//mcu/
2026-01-30 13:44:10,138 [INFO] ApiDb:274 - Set plugin database path to: /home/david-isfc/st/stm32cubeide_1.16.1/plugins/com.st.stm32cube.common.mx_6.12.1.202409122256//db//plugins/boardmanager/
2026-01-30 13:44:10,138 [INFO] ApiDb:261 - Set plugin images path to: /home/david-isfc/st/stm32cubeide_1.16.1/plugins/com.st.stm32cube.common.mx_6.12.1.202409122256//db//plugins/mcufinder/images/
2026-01-30 13:44:10,138 [WARN] DbFile:41 - Overriding database path with different value: /home/david-isfc/.stmcufinder/plugins/mcufinder/ => /home/david-isfc/.stmcufinder/plugins/mcufinder
2026-01-30 13:44:10,138 [INFO] ApiDb:250 - Set database path to: /home/david-isfc/.stmcufinder/plugins/mcufinder//mcu/
2026-01-30 13:44:10,138 [WARN] DbFile:41 - Overriding database path with different value: /home/david-isfc/.stmcufinder/plugins/mcufinder/ => /home/david-isfc/.stmcufinder/plugins/mcufinder
2026-01-30 13:44:10,138 [INFO] DbMcusAds:125 - Set database path to: /home/david-isfc/.stmcufinder/plugins/mcufinder//mcu/
2026-01-30 13:44:10,138 [WARN] DbFile:41 - Overriding database path with different value: /home/david-isfc/.stmcufinder/plugins/mcufinder/ => /home/david-isfc/.stmcufinder/plugins/mcufinder
2026-01-30 13:44:10,138 [WARN] DbFile:41 - Overriding database path with different value: /home/david-isfc/.stmcufinder/plugins/mcufinder/ => /home/david-isfc/.stmcufinder/plugins/mcufinder
2026-01-30 13:44:10,138 [INFO] CrossReferenceDbSqlite:203 - Set database path to: /home/david-isfc/.stmcufinder/plugins/mcufinder//mcu/cs/
2026-01-30 13:44:10,179 [INFO] MainPanel:268 - HeapMemory: 268435456
2026-01-30 13:44:10,251 [INFO] DbMcusXml:78 - Set database path to: /home/david-isfc/st/stm32cubeide_1.16.1/plugins/com.st.stm32cube.common.mx_6.12.1.202409122256//db//mcu/
2026-01-30 13:44:10,251 [INFO] ApiDb:274 - Set plugin database path to: /home/david-isfc/st/stm32cubeide_1.16.1/plugins/com.st.stm32cube.common.mx_6.12.1.202409122256//db//plugins/boardmanager/
2026-01-30 13:44:10,251 [INFO] ApiDb:261 - Set plugin images path to: /home/david-isfc/st/stm32cubeide_1.16.1/plugins/com.st.stm32cube.common.mx_6.12.1.202409122256//db//plugins/mcufinder/images/
2026-01-30 13:44:10,251 [WARN] DbFile:41 - Overriding database path with different value: /home/david-isfc/.stmcufinder/plugins/mcufinder/ => /home/david-isfc/.stmcufinder/plugins/mcufinder
2026-01-30 13:44:10,251 [INFO] ApiDb:250 - Set database path to: /home/david-isfc/.stmcufinder/plugins/mcufinder//mcu/
2026-01-30 13:44:10,252 [WARN] DbFile:41 - Overriding database path with different value: /home/david-isfc/.stmcufinder/plugins/mcufinder/ => /home/david-isfc/.stmcufinder/plugins/mcufinder
2026-01-30 13:44:10,252 [INFO] DbMcusAds:125 - Set database path to: /home/david-isfc/.stmcufinder/plugins/mcufinder//mcu/
2026-01-30 13:44:10,252 [WARN] DbFile:41 - Overriding database path with different value: /home/david-isfc/.stmcufinder/plugins/mcufinder/ => /home/david-isfc/.stmcufinder/plugins/mcufinder
2026-01-30 13:44:10,252 [WARN] DbFile:41 - Overriding database path with different value: /home/david-isfc/.stmcufinder/plugins/mcufinder/ => /home/david-isfc/.stmcufinder/plugins/mcufinder
2026-01-30 13:44:10,252 [INFO] CrossReferenceDbSqlite:203 - Set database path to: /home/david-isfc/.stmcufinder/plugins/mcufinder//mcu/cs/
2026-01-30 13:44:10,365 [INFO] ApplicationProperties:184 - Using Application install path: /home/david-isfc/st/stm32cubeide_1.16.1/plugins/com.st.stm32cube.common.mx_6.12.1.202409122256
2026-01-30 13:44:10,366 [INFO] PluginManage:196 - Search for loadable plugins [exclusion list=, ]
2026-01-30 13:44:10,368 [INFO] PluginManage:310 - Check plugin analytics
2026-01-30 13:44:10,546 [INFO] AnalyticsPlugin:253 - Accepted Software Licenses: STM32CubeMX.6.16.1
2026-01-30 13:44:10,546 [INFO] AnalyticsPlugin:255 - Accepted CMSIS Pack Licenses: 
2026-01-30 13:44:10,546 [INFO] AnalyticsPlugin:257 - Accepted Firmware Licenses: FW.L4.1.18.0
2026-01-30 13:44:10,547 [INFO] PluginManage:359 - Loaded plugin analytics (category:tool,tabindex:-1)
2026-01-30 13:44:10,547 [INFO] PluginManage:310 - Check plugin cadmodel
2026-01-30 13:44:11,144 [INFO] CADModel:105 - Init CAD model plugin
2026-01-30 13:44:11,145 [INFO] PluginManage:359 - Loaded plugin cadmodel (category:power,tabindex:5)
2026-01-30 13:44:11,145 [INFO] PluginManage:310 - Check plugin clock
2026-01-30 13:44:11,768 [INFO] PluginManage:359 - Loaded plugin clock (category:base,tabindex:2)
2026-01-30 13:44:11,769 [INFO] PluginManage:310 - Check plugin ddr
2026-01-30 13:44:11,783 [INFO] PluginManage:359 - Loaded plugin ddr (category:tool,tabindex:6)
2026-01-30 13:44:11,783 [INFO] PluginManage:310 - Check plugin filemanager
2026-01-30 13:44:12,002 [INFO] PluginManage:359 - Loaded plugin filemanager (category:base,tabindex:10)
2026-01-30 13:44:12,002 [INFO] PluginManage:310 - Check plugin ipmanager
2026-01-30 13:44:12,011 [INFO] PluginManage:359 - Loaded plugin ipmanager (category:base,tabindex:5)
2026-01-30 13:44:12,011 [INFO] PluginManage:310 - Check plugin lpbam
2026-01-30 13:44:12,027 [INFO] PluginManage:359 - Loaded plugin lpbam (category:base,tabindex:0)
2026-01-30 13:44:12,028 [INFO] PluginManage:310 - Check plugin memorymap
2026-01-30 13:44:12,061 [INFO] PluginManage:359 - Loaded plugin memorymap (category:base,tabindex:4)
2026-01-30 13:44:12,061 [INFO] PluginManage:310 - Check plugin pinoutandconfiguration
2026-01-30 13:44:12,163 [INFO] PluginManage:359 - Loaded plugin pinoutandconfiguration (category:base,tabindex:1)
2026-01-30 13:44:12,163 [INFO] PluginManage:310 - Check plugin pinoutconfig
2026-01-30 13:44:12,263 [WARN] SupportedApi:132 - Cannot load RTOS API schema: s4s-elt-must-match.1: The content of 'definitions' must match (annotation?, (simpleType | complexType)?, (unique | key | keyref)*)). A problem was found starting at: attribute.
2026-01-30 13:44:12,335 [INFO] PluginManage:359 - Loaded plugin pinoutconfig (category:base,tabindex:0)
2026-01-30 13:44:12,335 [INFO] PluginManage:310 - Check plugin power
2026-01-30 13:44:12,420 [INFO] PluginManage:359 - Loaded plugin power (category:power,tabindex:4)
2026-01-30 13:44:12,420 [INFO] PluginManage:310 - Check plugin projectmanager
2026-01-30 13:44:12,443 [INFO] PluginManage:359 - Loaded plugin projectmanager (category:projectmanager,tabindex:4)
2026-01-30 13:44:12,444 [INFO] PluginManage:310 - Check plugin rif
2026-01-30 13:44:12,474 [INFO] PluginManage:359 - Loaded plugin rif (category:base,tabindex:3)
2026-01-30 13:44:12,474 [INFO] PluginManage:310 - Check plugin thirdparty
2026-01-30 13:44:12,729 [INFO] PluginManage:359 - Loaded plugin thirdparty (category:base,tabindex:-1)
2026-01-30 13:44:12,729 [WARN] IntegrityCheckThread:84 - waiting for thirdparty lock release [integrity check]
2026-01-30 13:44:12,729 [INFO] IntegrityCheckThread:86 - entering critical section [integrity check]
2026-01-30 13:44:12,729 [INFO] PluginManage:310 - Check plugin tools
2026-01-30 13:44:12,729 [INFO] ThirdPartyUpdaterWithRetryManager:70 - Updater plugin not ready yet. [1/15]
2026-01-30 13:44:12,735 [INFO] PluginManage:359 - Loaded plugin tools (category:base,tabindex:7)
2026-01-30 13:44:12,736 [INFO] PluginManage:310 - Check plugin tutovideos
2026-01-30 13:44:12,872 [INFO] PluginManage:359 - Loaded plugin tutovideos (category:base,tabindex:-1)
2026-01-30 13:44:12,872 [INFO] PluginManage:310 - Check plugin updater
2026-01-30 13:44:12,905 [INFO] PluginManage:359 - Loaded plugin updater (category:base,tabindex:12)
2026-01-30 13:44:12,905 [INFO] PluginManage:310 - Check plugin userauth
2026-01-30 13:44:12,911 [INFO] UserAuth:113 - Init User Auth plugin
2026-01-30 13:44:12,911 [INFO] PluginManage:359 - Loaded plugin userauth (category:base,tabindex:14)
2026-01-30 13:44:12,912 [INFO] PluginManage:283 - PluginManage : Loaded plugins [18]
2026-01-30 13:44:13,022 [INFO] PinOutPanel:1561 - setPackage(No Configuration,No Configuration)
2026-01-30 13:44:13,085 [INFO] CADModel:165 - CPN selected for project level
2026-01-30 13:44:13,086 [INFO] CADModel:114 - Register for checkConnection events
2026-01-30 13:44:13,100 [INFO] IPUIPlugin:80 - create IPUIPlugin
2026-01-30 13:44:13,100 [INFO] PluginManager:220 - loadIPPluginJar : add pdm2pcm
2026-01-30 13:44:13,101 [INFO] IPUIPlugin:80 - create IPUIPlugin
2026-01-30 13:44:13,102 [INFO] PluginManager:220 - loadIPPluginJar : add tsc
2026-01-30 13:44:13,105 [INFO] IPUIPlugin:80 - create IPUIPlugin
2026-01-30 13:44:13,106 [INFO] PluginManager:220 - loadIPPluginJar : add can
2026-01-30 13:44:13,108 [INFO] IPUIPlugin:80 - create IPUIPlugin
2026-01-30 13:44:13,108 [INFO] PluginManager:220 - loadIPPluginJar : add ltdc
2026-01-30 13:44:13,112 [INFO] IPUIPlugin:80 - create IPUIPlugin
2026-01-30 13:44:13,112 [INFO] PluginManager:220 - loadIPPluginJar : add genericplugin
2026-01-30 13:44:13,122 [INFO] IPUIPlugin:80 - create IPUIPlugin
2026-01-30 13:44:13,123 [INFO] PluginManager:220 - loadIPPluginJar : add gpio
2026-01-30 13:44:13,125 [INFO] IPUIPlugin:80 - create IPUIPlugin
2026-01-30 13:44:13,125 [INFO] PluginManager:220 - loadIPPluginJar : add cryp
2026-01-30 13:44:13,128 [INFO] IPUIPlugin:80 - create IPUIPlugin
2026-01-30 13:44:13,128 [INFO] PluginManager:220 - loadIPPluginJar : add tracer_emb
2026-01-30 13:44:13,137 [INFO] IPUIPlugin:80 - create IPUIPlugin
2026-01-30 13:44:13,137 [INFO] PluginManager:220 - loadIPPluginJar : add linkedlist
2026-01-30 13:44:13,139 [INFO] IPUIPlugin:80 - create IPUIPlugin
2026-01-30 13:44:13,139 [INFO] PluginManager:220 - loadIPPluginJar : add ts
2026-01-30 13:44:13,156 [INFO] IPUIPlugin:80 - create IPUIPlugin
2026-01-30 13:44:13,156 [INFO] PluginManager:220 - loadIPPluginJar : add mdma
2026-01-30 13:44:13,163 [INFO] IPUIPlugin:80 - create IPUIPlugin
2026-01-30 13:44:13,164 [INFO] PluginManager:220 - loadIPPluginJar : add openamp
2026-01-30 13:44:13,167 [INFO] IPUIPlugin:80 - create IPUIPlugin
2026-01-30 13:44:13,168 [INFO] PluginManager:220 - loadIPPluginJar : add quadspi
2026-01-30 13:44:13,171 [INFO] IPUIPlugin:80 - create IPUIPlugin
2026-01-30 13:44:13,171 [INFO] PluginManager:220 - loadIPPluginJar : add fatfs
2026-01-30 13:44:13,177 [INFO] IPUIPlugin:80 - create IPUIPlugin
2026-01-30 13:44:13,177 [INFO] PluginManager:220 - loadIPPluginJar : add spi
2026-01-30 13:44:13,181 [INFO] IPUIPlugin:80 - create IPUIPlugin
2026-01-30 13:44:13,181 [INFO] PluginManager:220 - loadIPPluginJar : add radio
2026-01-30 13:44:13,189 [INFO] IPUIPlugin:80 - create IPUIPlugin
2026-01-30 13:44:13,189 [INFO] PluginManager:220 - loadIPPluginJar : add gic
2026-01-30 13:44:13,192 [INFO] IPUIPlugin:80 - create IPUIPlugin
2026-01-30 13:44:13,192 [INFO] PluginManager:220 - loadIPPluginJar : add hash
2026-01-30 13:44:13,198 [INFO] IPUIPlugin:80 - create IPUIPlugin
2026-01-30 13:44:13,198 [INFO] PluginManager:220 - loadIPPluginJar : add opamp
2026-01-30 13:44:13,204 [INFO] IPUIPlugin:80 - create IPUIPlugin
2026-01-30 13:44:13,204 [INFO] PluginManager:220 - loadIPPluginJar : add adc
2026-01-30 13:44:13,207 [INFO] IPUIPlugin:80 - create IPUIPlugin
2026-01-30 13:44:13,207 [INFO] PluginManager:220 - loadIPPluginJar : add sai
2026-01-30 13:44:13,209 [INFO] IPUIPlugin:80 - create IPUIPlugin
2026-01-30 13:44:13,209 [INFO] PluginManager:220 - loadIPPluginJar : add aes
2026-01-30 13:44:13,219 [INFO] IPUIPlugin:80 - create IPUIPlugin
2026-01-30 13:44:13,222 [INFO] PluginManager:220 - loadIPPluginJar : add plateformsettings
2026-01-30 13:44:13,227 [INFO] IPUIPlugin:80 - create IPUIPlugin
2026-01-30 13:44:13,227 [INFO] PluginManager:220 - loadIPPluginJar : add touchsensing
2026-01-30 13:44:13,229 [INFO] IPUIPlugin:80 - create IPUIPlugin
2026-01-30 13:44:13,229 [INFO] PluginManager:220 - loadIPPluginJar : add comp
2026-01-30 13:44:13,234 [INFO] IPUIPlugin:80 - create IPUIPlugin
2026-01-30 13:44:13,234 [INFO] PluginManager:220 - loadIPPluginJar : add stm32_wpan
2026-01-30 13:44:13,238 [INFO] IPUIPlugin:80 - create IPUIPlugin
2026-01-30 13:44:13,238 [INFO] PluginManager:220 - loadIPPluginJar : add fmc
2026-01-30 13:44:13,240 [INFO] IPUIPlugin:80 - create IPUIPlugin
2026-01-30 13:44:13,240 [INFO] PluginManager:220 - loadIPPluginJar : add gfxmmu
2026-01-30 13:44:13,244 [INFO] IPUIPlugin:80 - create IPUIPlugin
2026-01-30 13:44:13,244 [INFO] PluginManager:220 - loadIPPluginJar : add ddr_ctrl_phy
2026-01-30 13:44:13,248 [INFO] IPUIPlugin:80 - create IPUIPlugin
2026-01-30 13:44:13,248 [INFO] PluginManager:220 - loadIPPluginJar : add i3c
2026-01-30 13:44:13,256 [INFO] IPUIPlugin:80 - create IPUIPlugin
2026-01-30 13:44:13,257 [INFO] PluginManager:220 - loadIPPluginJar : add freertos
2026-01-30 13:44:13,260 [INFO] IPUIPlugin:80 - create IPUIPlugin
2026-01-30 13:44:13,260 [INFO] PluginManager:220 - loadIPPluginJar : add gtzc
2026-01-30 13:44:13,262 [INFO] IPUIPlugin:80 - create IPUIPlugin
2026-01-30 13:44:13,262 [INFO] PluginManager:220 - loadIPPluginJar : add usart
2026-01-30 13:44:13,267 [INFO] IPUIPlugin:80 - create IPUIPlugin
2026-01-30 13:44:13,267 [INFO] PluginManager:220 - loadIPPluginJar : add nvic
2026-01-30 13:44:13,269 [INFO] IPUIPlugin:80 - create IPUIPlugin
2026-01-30 13:44:13,269 [INFO] PluginManager:220 - loadIPPluginJar : add tim
2026-01-30 13:44:13,271 [INFO] IPUIPlugin:80 - create IPUIPlugin
2026-01-30 13:44:13,271 [INFO] PluginManager:220 - loadIPPluginJar : add extmemmanager
2026-01-30 13:44:13,273 [INFO] IPUIPlugin:80 - create IPUIPlugin
2026-01-30 13:44:13,273 [INFO] PluginManager:220 - loadIPPluginJar : add lorawan
2026-01-30 13:44:13,275 [INFO] IPUIPlugin:80 - create IPUIPlugin
2026-01-30 13:44:13,275 [INFO] PluginManager:220 - loadIPPluginJar : add dfsdm
2026-01-30 13:44:13,280 [INFO] IPUIPlugin:80 - create IPUIPlugin
2026-01-30 13:44:13,280 [INFO] PluginManager:220 - loadIPPluginJar : add resmgrutility
2026-01-30 13:44:13,282 [INFO] IPUIPlugin:80 - create IPUIPlugin
2026-01-30 13:44:13,282 [INFO] PluginManager:220 - loadIPPluginJar : add dma3
2026-01-30 13:44:13,283 [INFO] IPUIPlugin:80 - create IPUIPlugin
2026-01-30 13:44:13,284 [INFO] PluginManager:220 - loadIPPluginJar : add ucpd
2026-01-30 13:44:13,286 [INFO] IPUIPlugin:80 - create IPUIPlugin
2026-01-30 13:44:13,286 [INFO] PluginManager:220 - loadIPPluginJar : add i2s
2026-01-30 13:44:13,292 [INFO] IPUIPlugin:80 - create IPUIPlugin
2026-01-30 13:44:13,292 [INFO] PluginManager:220 - loadIPPluginJar : add dma
2026-01-30 13:44:13,294 [INFO] IPUIPlugin:80 - create IPUIPlugin
2026-01-30 13:44:13,294 [INFO] PluginManager:220 - loadIPPluginJar : add i2c
2026-01-30 13:44:13,296 [INFO] IPUIPlugin:80 - create IPUIPlugin
2026-01-30 13:44:13,296 [INFO] PluginManager:220 - loadIPPluginJar : add usbx
2026-01-30 13:44:13,300 [INFO] IPUIPlugin:80 - create IPUIPlugin
2026-01-30 13:44:13,300 [INFO] PluginManager:220 - loadIPPluginJar : add ipddr
2026-01-30 13:44:13,390 [INFO] CADModel:165 - CPN selected for project level
2026-01-30 13:44:13,391 [INFO] CADModel:114 - Register for checkConnection events
2026-01-30 13:44:13,391 [FATAL] Updater:334 - Updater called before beeing initialized
2026-01-30 13:44:13,391 [ERROR] CADModel:125 - Updater not yet initialized, retry later 
2026-01-30 13:44:13,459 [INFO] CADModel:165 - CPN selected for project level
2026-01-30 13:44:13,459 [INFO] CADModel:114 - Register for checkConnection events
2026-01-30 13:44:13,459 [FATAL] Updater:334 - Updater called before beeing initialized
2026-01-30 13:44:13,459 [ERROR] CADModel:125 - Updater not yet initialized, retry later 
2026-01-30 13:44:13,462 [FATAL] Updater:334 - Updater called before beeing initialized
2026-01-30 13:44:13,515 [FATAL] Updater:334 - Updater called before beeing initialized
2026-01-30 13:44:13,519 [INFO] DbMcusAds:53 - JSON generation date=Thu Jan 08 16:57:51 CET 2026 (1767887871456)
2026-01-30 13:44:13,519 [FATAL] Updater:334 - Updater called before beeing initialized
2026-01-30 13:44:13,563 [WARN] DetailPanel:346 - Failed to get advertising image, set to default
2026-01-30 13:44:13,637 [FATAL] Updater:334 - Updater called before beeing initialized
2026-01-30 13:44:13,639 [FATAL] Updater:334 - Updater called before beeing initialized
2026-01-30 13:44:13,639 [FATAL] Updater:334 - Updater called before beeing initialized
2026-01-30 13:44:13,639 [WARN] DetailPanel:346 - Failed to get advertising image, set to default
2026-01-30 13:44:13,643 [FATAL] Updater:334 - Updater called before beeing initialized
2026-01-30 13:44:13,667 [ERROR] Updater:1164 - MainUpdater not yet initialized. External WinMGr cannot be set.
2026-01-30 13:44:13,668 [INFO] Updater:1100 - Updater Version found : 6.12.1
2026-01-30 13:44:13,690 [INFO] ApplicationProperties:184 - Using Application install path: /home/david-isfc/st/stm32cubeide_1.16.1/plugins/com.st.stm32cube.common.mx_6.12.1.202409122256
2026-01-30 13:44:13,893 [INFO] MainUpdater:2873 - connection check result : 10
2026-01-30 13:44:13,894 [INFO] MainUpdater:290 - Updater Check For Update Now.
2026-01-30 13:44:13,894 [INFO] MicroXplorer:498 - Change Database Version : DB.6.0.121
2026-01-30 13:44:13,897 [INFO] McuFinderGlobals:63 - Set McuFinder mode to 2 (CubeIDE integrated)
2026-01-30 13:44:13,899 [INFO] UserAuth:417 - Internet connection configuration mode: 1
2026-01-30 13:44:13,905 [INFO] JxBrowserEngine:152 - Initiate JxBrowser Engine with user profile folder
2026-01-30 13:44:14,053 [INFO] CheckServerUpdateThread:120 - End of CheckServer Thread
2026-01-30 13:44:21,201 [INFO] WebApp:167 - Instantiating new browser for Auth
2026-01-30 13:44:21,272 [WARN] PackLoader:240 - Cannot read IP mode file for STMicroelectronics.FP-SNS-MOTENVWB1.1.4.0
2026-01-30 13:44:21,279 [WARN] PackLoader:240 - Cannot read IP mode file for STMicroelectronics.FP-ATR-ASTRA1.2.0.2
2026-01-30 13:44:21,287 [WARN] PackLoader:240 - Cannot read IP mode file for STMicroelectronics.X-CUBE-SMBUS.2.1.0
2026-01-30 13:44:21,319 [WARN] PackLoader:240 - Cannot read IP mode file for STMicroelectronics.X-CUBE-AZRTOS-F7.1.1.0
2026-01-30 13:44:21,332 [ERROR] Engine:466 - /home/david-isfc/.stm32cubemx/thirdparties/pdsc/STMicroelectronics.FP-SNS-MOTENV1.5.1.0.pdsc: PDSC version is not supported
2026-01-30 13:44:21,340 [ERROR] Engine:466 - /home/david-isfc/.stm32cubemx/thirdparties/pdsc/WES.I-CUBE-Cesium.1.4.0.pdsc: PDSC version is not supported
2026-01-30 13:44:21,374 [WARN] PackLoader:240 - Cannot read IP mode file for STMicroelectronics.X-CUBE-AZRTOS-H7.3.4.0
2026-01-30 13:44:21,401 [WARN] PackLoader:240 - Cannot read IP mode file for STMicroelectronics.X-CUBE-DISPLAY.3.0.0
2026-01-30 13:44:21,430 [WARN] PackLoader:240 - Cannot read IP mode file for STMicroelectronics.X-CUBE-NFC10.1.0.0
2026-01-30 13:44:21,437 [ERROR] Engine:466 - /home/david-isfc/.stm32cubemx/thirdparties/pdsc/STMicroelectronics.X-CUBE-ST60.1.1.0.pdsc: PDSC version is not supported
2026-01-30 13:44:21,445 [WARN] PackLoader:240 - Cannot read IP mode file for emotas.I-CUBE-CANOPEN.1.3.0
2026-01-30 13:44:21,450 [WARN] PackLoader:240 - Cannot read IP mode file for STMicroelectronics.X-CUBE-GNSS1.7.1.0
2026-01-30 13:44:21,456 [ERROR] Engine:466 - /home/david-isfc/.stm32cubemx/thirdparties/pdsc/STMicroelectronics.FP-SNS-STBOX1.2.1.0.pdsc: PDSC version is not supported
2026-01-30 13:44:21,462 [WARN] PackLoader:240 - Cannot read IP mode file for STMicroelectronics.FP-SNS-SMARTAG2.1.2.0
2026-01-30 13:44:21,479 [ERROR] Engine:466 - /home/david-isfc/.stm32cubemx/thirdparties/pdsc/STMicroelectronics.FP-SNS-FLIGHT1.5.1.0.pdsc: PDSC version is not supported
2026-01-30 13:44:21,493 [INFO] LogOutputStream:77 - [STDOUT_REDIRECT] 1 : Invalid condition id : UX_CORESTACK_Condition cause : null
2026-01-30 13:44:21,494 [INFO] LogOutputStream:77 - [STDOUT_REDIRECT] 1 : Invalid condition id : UX_CORESTACK_Condition cause : null
2026-01-30 13:44:21,494 [INFO] LogOutputStream:77 - [STDOUT_REDIRECT] 1 : Invalid condition id : UX_CORESTACK_Condition cause : null
2026-01-30 13:44:21,494 [INFO] LogOutputStream:77 - [STDOUT_REDIRECT] 1 : Invalid condition id : UX_CORESTACK_Condition cause : null
2026-01-30 13:44:21,495 [INFO] LogOutputStream:77 - [STDOUT_REDIRECT] 1 : Invalid condition id : UX_CORESTACK_Condition cause : null
2026-01-30 13:44:21,497 [WARN] PackLoader:240 - Cannot read IP mode file for STMicroelectronics.X-CUBE-AZRTOS-WL.2.0.0
2026-01-30 13:44:21,543 [WARN] PackLoader:240 - Cannot read IP mode file for STMicroelectronics.X-CUBE-AZRTOS-H7RS.1.2.0
2026-01-30 13:44:21,553 [WARN] PackLoader:240 - Cannot read IP mode file for STMicroelectronics.X-CUBE-BLE2.3.3.0
2026-01-30 13:44:21,555 [ERROR] Engine:466 - /home/david-isfc/.stm32cubemx/thirdparties/pdsc/Avnet-IOTCONNECT.X-CUBE-iotc-st67-sdk.1.0.0.pdsc: PDSC version is not supported
2026-01-30 13:44:21,573 [WARN] PackLoader:240 - Cannot read IP mode file for Infineon.AIROC-Wi-Fi-Bluetooth-STM32.1.8.0
2026-01-30 13:44:21,587 [WARN] PackLoader:240 - Cannot read IP mode file for STMicroelectronics.X-CUBE-NFC9.1.0.0
2026-01-30 13:44:21,596 [WARN] PackLoader:240 - Cannot read IP mode file for STMicroelectronics.X-CUBE-BLE1.7.1.0
2026-01-30 13:44:21,604 [WARN] PackLoader:240 - Cannot read IP mode file for wolfSSL.I-CUBE-wolfMQTT.1.19.2
2026-01-30 13:44:21,608 [ERROR] Engine:466 - /home/david-isfc/.stm32cubemx/thirdparties/pdsc/STMicroelectronics.X-CUBE-FREERTOS.1.4.0.pdsc: PDSC version is not supported
2026-01-30 13:44:21,617 [WARN] PackLoader:240 - Cannot read IP mode file for STMicroelectronics.X-CUBE-EEPRMA1.5.2.0
2026-01-30 13:44:21,625 [WARN] PackLoader:240 - Cannot read IP mode file for wolfSSL.I-CUBE-wolfSSL.5.8.4
2026-01-30 13:44:21,631 [ERROR] Engine:466 - /home/david-isfc/.stm32cubemx/thirdparties/pdsc/Cesanta.I-CUBE-Mongoose.7.20.0.pdsc: PDSC version is not supported
2026-01-30 13:44:21,686 [INFO] WebApp:448 - Apply proxy settings
2026-01-30 13:44:21,686 [INFO] WebApp:533 - Chromium requires no authentication
2026-01-30 13:44:21,687 [WARN] PackLoader:240 - Cannot read IP mode file for STMicroelectronics.X-CUBE-MEMS1.12.0.0
2026-01-30 13:44:21,693 [INFO] WebApp:476 - Direct internet connection detected
2026-01-30 13:44:21,725 [INFO] WebApp:869 - Register for checkConnection events
2026-01-30 13:44:21,726 [INFO] WebApp:448 - Apply proxy settings
2026-01-30 13:44:21,726 [INFO] WebApp:533 - Chromium requires no authentication
2026-01-30 13:44:21,728 [INFO] WebApp:476 - Direct internet connection detected
2026-01-30 13:44:21,816 [WARN] PackLoader:240 - Cannot read IP mode file for STMicroelectronics.X-CUBE-AZRTOS-G0.1.1.0
2026-01-30 13:44:21,829 [WARN] PackLoader:240 - Cannot read IP mode file for STMicroelectronics.X-CUBE-NFC4.3.0.0
2026-01-30 13:44:21,843 [WARN] PackLoader:240 - Cannot read IP mode file for EmbeddedOffice.I-CUBE-FS-RTOS.1.0.1
2026-01-30 13:44:21,844 [ERROR] ConditionMgr:805 - Attr not supported : Dmpu
2026-01-30 13:44:21,844 [ERROR] ConditionMgr:805 - Attr not supported : Dmpu
2026-01-30 13:44:21,844 [ERROR] ConditionMgr:805 - Attr not supported : Dmpu
2026-01-30 13:44:21,844 [ERROR] ConditionMgr:805 - Attr not supported : Dmpu
2026-01-30 13:44:21,844 [ERROR] ConditionMgr:805 - Attr not supported : Dmpu
2026-01-30 13:44:21,844 [ERROR] ConditionMgr:805 - Attr not supported : Dmpu
2026-01-30 13:44:21,844 [ERROR] ConditionMgr:805 - Attr not supported : Dmpu
2026-01-30 13:44:21,845 [ERROR] ConditionMgr:805 - Attr not supported : Dmpu
2026-01-30 13:44:21,845 [ERROR] ConditionMgr:805 - Attr not supported : Dmpu
2026-01-30 13:44:21,845 [ERROR] ConditionMgr:805 - Attr not supported : Dmpu
2026-01-30 13:44:21,845 [ERROR] ConditionMgr:805 - Attr not supported : Dmpu
2026-01-30 13:44:21,845 [ERROR] ConditionMgr:805 - Attr not supported : Dmpu
2026-01-30 13:44:21,845 [ERROR] ConditionMgr:805 - Attr not supported : Dmpu
2026-01-30 13:44:21,845 [ERROR] ConditionMgr:805 - Attr not supported : Dmpu
2026-01-30 13:44:21,845 [ERROR] ConditionMgr:805 - Attr not supported : Dmpu
2026-01-30 13:44:21,845 [ERROR] ConditionMgr:805 - Attr not supported : Dmpu
2026-01-30 13:44:21,845 [ERROR] ConditionMgr:805 - Attr not supported : Dmpu
2026-01-30 13:44:21,845 [ERROR] ConditionMgr:805 - Attr not supported : Dmpu
2026-01-30 13:44:21,845 [ERROR] ConditionMgr:805 - Attr not supported : Dmpu
2026-01-30 13:44:21,845 [ERROR] ConditionMgr:805 - Attr not supported : Dmpu
2026-01-30 13:44:21,845 [ERROR] ConditionMgr:805 - Attr not supported : Dmpu
2026-01-30 13:44:21,845 [ERROR] ConditionMgr:805 - Attr not supported : Dmpu
2026-01-30 13:44:21,845 [ERROR] ConditionMgr:805 - Attr not supported : Dmpu
2026-01-30 13:44:21,846 [ERROR] ConditionMgr:805 - Attr not supported : Dmpu
2026-01-30 13:44:21,846 [ERROR] ConditionMgr:805 - Attr not supported : Dmpu
2026-01-30 13:44:21,846 [ERROR] ConditionMgr:805 - Attr not supported : Dmpu
2026-01-30 13:44:21,846 [ERROR] ConditionMgr:805 - Attr not supported : Dmpu
2026-01-30 13:44:21,846 [ERROR] ConditionMgr:805 - Attr not supported : Dmpu
2026-01-30 13:44:21,846 [ERROR] ConditionMgr:805 - Attr not supported : Dmpu
2026-01-30 13:44:21,846 [ERROR] ConditionMgr:805 - Attr not supported : Dmpu
2026-01-30 13:44:21,846 [ERROR] ConditionMgr:805 - Attr not supported : Dmpu
2026-01-30 13:44:21,846 [ERROR] ConditionMgr:805 - Attr not supported : Dmpu
2026-01-30 13:44:21,846 [ERROR] ConditionMgr:805 - Attr not supported : Dmpu
2026-01-30 13:44:21,846 [ERROR] ConditionMgr:805 - Attr not supported : Dmpu
2026-01-30 13:44:21,847 [ERROR] ConditionMgr:805 - Attr not supported : Dmpu
2026-01-30 13:44:21,847 [ERROR] ConditionMgr:805 - Attr not supported : Dmpu
2026-01-30 13:44:21,847 [ERROR] ConditionMgr:805 - Attr not supported : Dmpu
2026-01-30 13:44:21,847 [ERROR] ConditionMgr:805 - Attr not supported : Dmpu
2026-01-30 13:44:21,848 [ERROR] ConditionMgr:805 - Attr not supported : Dmpu
2026-01-30 13:44:21,848 [ERROR] ConditionMgr:805 - Attr not supported : Dmpu
2026-01-30 13:44:21,848 [ERROR] ConditionMgr:805 - Attr not supported : Dmpu
2026-01-30 13:44:21,848 [ERROR] ConditionMgr:805 - Attr not supported : Dmpu
2026-01-30 13:44:21,848 [ERROR] ConditionMgr:805 - Attr not supported : Dmpu
2026-01-30 13:44:21,848 [ERROR] ConditionMgr:805 - Attr not supported : Dmpu
2026-01-30 13:44:21,848 [ERROR] ConditionMgr:805 - Attr not supported : Dmpu
2026-01-30 13:44:21,848 [ERROR] ConditionMgr:805 - Attr not supported : Dmpu
2026-01-30 13:44:21,848 [ERROR] ConditionMgr:805 - Attr not supported : Dmpu
2026-01-30 13:44:21,848 [ERROR] ConditionMgr:805 - Attr not supported : Dmpu
2026-01-30 13:44:21,848 [ERROR] ConditionMgr:805 - Attr not supported : Dmpu
2026-01-30 13:44:21,848 [ERROR] ConditionMgr:805 - Attr not supported : Dmpu
2026-01-30 13:44:21,848 [ERROR] ConditionMgr:805 - Attr not supported : Dmpu
2026-01-30 13:44:21,848 [ERROR] ConditionMgr:805 - Attr not supported : Dmpu
2026-01-30 13:44:21,849 [ERROR] ConditionMgr:805 - Attr not supported : Dmpu
2026-01-30 13:44:21,849 [ERROR] ConditionMgr:805 - Attr not supported : Dmpu
2026-01-30 13:44:21,849 [ERROR] ConditionMgr:805 - Attr not supported : Dmpu
2026-01-30 13:44:21,849 [ERROR] ConditionMgr:805 - Attr not supported : Dmpu
2026-01-30 13:44:21,849 [ERROR] ConditionMgr:805 - Attr not supported : Dmpu
2026-01-30 13:44:21,849 [ERROR] ConditionMgr:805 - Attr not supported : Dmpu
2026-01-30 13:44:21,849 [ERROR] ConditionMgr:805 - Attr not supported : Dmpu
2026-01-30 13:44:21,850 [ERROR] ConditionMgr:805 - Attr not supported : Dmpu
2026-01-30 13:44:21,850 [ERROR] ConditionMgr:805 - Attr not supported : Dmpu
2026-01-30 13:44:21,850 [ERROR] ConditionMgr:805 - Attr not supported : Dmpu
2026-01-30 13:44:21,850 [ERROR] ConditionMgr:805 - Attr not supported : Dmpu
2026-01-30 13:44:21,850 [ERROR] ConditionMgr:805 - Attr not supported : Dmpu
2026-01-30 13:44:21,854 [WARN] PackLoader:240 - Cannot read IP mode file for STMicroelectronics.X-CUBE-WB05N.2.0.0
2026-01-30 13:44:21,858 [WARN] PackLoader:240 - Cannot read IP mode file for wolfSSL.I-CUBE-wolfTPM.3.8.0
2026-01-30 13:44:21,861 [ERROR] Engine:466 - /home/david-isfc/.stm32cubemx/thirdparties/pdsc/STMicroelectronics.X-CUBE-TCPP.4.2.0.pdsc: PDSC version is not supported
2026-01-30 13:44:21,866 [WARN] PackLoader:240 - Cannot read IP mode file for RealThread.X-CUBE-RT-Thread_Nano.4.1.1
2026-01-30 13:44:21,870 [WARN] PackLoader:240 - Cannot read IP mode file for STMicroelectronics.FP-ATR-SIGFOX1.3.2.0
2026-01-30 13:44:21,876 [WARN] PackLoader:240 - Cannot read IP mode file for ITTIA_DB.I-CUBE-ITTIADB.8.9.0
2026-01-30 13:44:21,876 [INFO] WebApp:220 - Starting web application
2026-01-30 13:44:21,877 [INFO] WebApp:578 - Web application path used /home/david-isfc/st/stm32cubeide_1.16.1/plugins/com.st.stm32cube.common.mx_6.12.1.202409122256/db/plugins/mcufinder/reactClient1/index.html
2026-01-30 13:44:21,885 [WARN] PackLoader:240 - Cannot read IP mode file for STMicroelectronics.X-CUBE-NFC6.3.2.0
2026-01-30 13:44:21,893 [WARN] PackLoader:240 - Cannot read IP mode file for STMicroelectronics.X-CUBE-AI.10.2.0
2026-01-30 13:44:21,914 [WARN] PackLoader:240 - Cannot read IP mode file for SEGGER.I-CUBE-embOS.1.3.1
2026-01-30 13:44:21,941 [WARN] PackLoader:240 - Cannot read IP mode file for STMicroelectronics.X-CUBE-ALGOBUILD.1.4.0
2026-01-30 13:44:21,946 [WARN] PackLoader:240 - Cannot read IP mode file for STMicroelectronics.X-CUBE-PM33A1.1.0.0
2026-01-30 13:44:21,963 [WARN] PackLoader:240 - Cannot read IP mode file for STMicroelectronics.X-CUBE-AZRTOS-F4.1.1.0
2026-01-30 13:44:21,968 [WARN] PackLoader:240 - Cannot read IP mode file for STMicroelectronics.X-CUBE-ISPU.2.1.0
2026-01-30 13:44:21,977 [ERROR] Engine:466 - /home/david-isfc/.stm32cubemx/thirdparties/pdsc/STMicroelectronics.X-CUBE-IPS.3.2.0.pdsc: PDSC version is not supported
2026-01-30 13:44:21,983 [WARN] PackLoader:240 - Cannot read IP mode file for STMicroelectronics.X-CUBE-NFC12.1.0.0
2026-01-30 13:44:22,006 [WARN] PackLoader:240 - Cannot read IP mode file for STMicroelectronics.X-CUBE-AZRTOS-L5.2.0.0
2026-01-30 13:44:22,015 [WARN] PackLoader:240 - Cannot read IP mode file for STMicroelectronics.X-CUBE-TOUCHGFX.4.26.0
2026-01-30 13:44:22,019 [ERROR] Engine:466 - /home/david-isfc/.stm32cubemx/thirdparties/pdsc/STMicroelectronics.FP-SNS-STAIOTCFT.1.0.0.pdsc: PDSC version is not supported
2026-01-30 13:44:22,024 [WARN] PackLoader:240 - Cannot read IP mode file for STMicroelectronics.X-CUBE-DPower.1.3.0
2026-01-30 13:44:22,046 [WARN] ConditionMgr:438 - getConditionDescription Invalid condition id : LAN8742 Phy interface Condition cause : null
2026-01-30 13:44:22,047 [WARN] PackLoader:240 - Cannot read IP mode file for STMicroelectronics.X-CUBE-AZRTOS-L4.2.0.0
2026-01-30 13:44:22,049 [WARN] ConditionMgr:1039 - genDependencies : Invalid condition id : LAN8742 Phy interface Condition cause : null
2026-01-30 13:44:22,049 [WARN] ConditionMgr:1039 - genDependencies : Invalid condition id : LAN8742 Phy interface Condition cause : null
2026-01-30 13:44:22,049 [WARN] ConditionMgr:1039 - genDependencies : Invalid condition id : LAN8742 Phy interface Condition cause : null
2026-01-30 13:44:22,055 [WARN] PackLoader:240 - Cannot read IP mode file for STMicroelectronics.X-CUBE-SFXS2LP1.4.0.0
2026-01-30 13:44:22,060 [ERROR] Engine:466 - /home/david-isfc/.stm32cubemx/thirdparties/pdsc/STMicroelectronics.X-CUBE-ST67W61.1.2.0.pdsc: PDSC version is not supported
2026-01-30 13:44:22,064 [ERROR] Engine:466 - /home/david-isfc/.stm32cubemx/thirdparties/pdsc/STMicroelectronics.X-CUBE-BLEMGR.4.1.0.pdsc: PDSC version is not supported
2026-01-30 13:44:22,064 [INFO] WebApp:186 - Connection restablished
2026-01-30 13:44:22,082 [WARN] ConditionMgr:438 - getConditionDescription Invalid condition id : UX DEVICE CLASS RTOS Condition cause : null
2026-01-30 13:44:22,082 [WARN] ConditionMgr:438 - getConditionDescription Invalid condition id : UX DEVICE CLASS RTOS Condition cause : null
2026-01-30 13:44:22,084 [WARN] PackLoader:240 - Cannot read IP mode file for STMicroelectronics.X-CUBE-AZRTOS-WB.2.0.0
2026-01-30 13:44:22,084 [WARN] ConditionMgr:1039 - genDependencies : Invalid condition id : UX DEVICE CLASS RTOS Condition cause : null
2026-01-30 13:44:22,084 [WARN] ConditionMgr:1039 - genDependencies : Invalid condition id : UX DEVICE CLASS RTOS Condition cause : null
2026-01-30 13:44:22,084 [WARN] ConditionMgr:1039 - genDependencies : Invalid condition id : UX DEVICE CLASS RTOS Condition cause : null
2026-01-30 13:44:22,085 [WARN] ConditionMgr:1039 - genDependencies : Invalid condition id : UX DEVICE CLASS RTOS Condition cause : null
2026-01-30 13:44:22,085 [WARN] ConditionMgr:1039 - genDependencies : Invalid condition id : UX DEVICE CLASS RTOS Condition cause : null
2026-01-30 13:44:22,088 [WARN] ConditionMgr:438 - getConditionDescription Invalid condition id : Cortex-A Device cause : null
2026-01-30 13:44:22,097 [WARN] ConditionMgr:1039 - genDependencies : Invalid condition id : Cortex-A Device cause : null
2026-01-30 13:44:22,097 [WARN] ConditionMgr:1039 - genDependencies : Invalid condition id : Cortex-A Device cause : null
2026-01-30 13:44:22,097 [WARN] ConditionMgr:1039 - genDependencies : Invalid condition id : Cortex-A Device cause : null
2026-01-30 13:44:22,103 [WARN] PackLoader:240 - Cannot read IP mode file for STMicroelectronics.X-CUBE-STSE01.2.0.0
2026-01-30 13:44:22,112 [WARN] PackLoader:240 - Cannot read IP mode file for STMicroelectronics.X-CUBE-SUBG2.5.0.0
2026-01-30 13:44:22,137 [WARN] PackLoader:240 - Cannot read IP mode file for STMicroelectronics.X-CUBE-AZRTOS-G4.2.0.0
2026-01-30 13:44:22,143 [WARN] PackLoader:240 - Cannot read IP mode file for wolfSSL.I-CUBE-wolfSSH.1.4.20
2026-01-30 13:44:22,147 [WARN] PackLoader:240 - Cannot read IP mode file for STMicroelectronics.X-CUBE-NFC7.2.0.0
2026-01-30 13:44:22,152 [WARN] PackLoader:240 - Cannot read IP mode file for STMicroelectronics.X-CUBE-ALS.1.0.2
2026-01-30 13:44:22,162 [ERROR] Engine:466 - /home/david-isfc/.stm32cubemx/thirdparties/pdsc/STMicroelectronics.X-CUBE-TOF1.3.4.3.pdsc: PDSC version is not supported
2026-01-30 13:44:22,163 [INFO] ThirdParty:978 - Integrity check success = true
2026-01-30 13:44:22,163 [INFO] IntegrityCheckThread:100 - exiting critical section [integrity check]
2026-01-30 13:44:22,163 [INFO] IntegrityCheckThread:103 - End integrity checks thread
2026-01-30 13:44:25,621 [INFO] UserAuth:417 - Internet connection configuration mode: 1
